<?xml version="1.0" encoding="UTF-8"?>
<testng-results ignored="0" total="0" passed="0" failed="0" skipped="0">
  <reporter-output>
  </reporter-output>
  <suite started-at="2022-07-25T12:19:46 GMT+05:30" name="Default suite" finished-at="2022-07-25T12:19:47 GMT+05:30" duration-ms="1037">
    <groups>
      <group name="cucumber">
        <method signature="AbstractTestNGCucumberTests.runScenario(io.cucumber.testng.PickleWrapper,io.cucumber.testng.FeatureWrapper)[pri:0, instance:runner.TestNGRunner@795509d9]" name="runScenario" class="io.cucumber.testng.AbstractTestNGCucumberTests"/>
      </group> <!-- cucumber -->
    </groups>
    <test started-at="2022-07-25T12:19:46 GMT+05:30" name="Default test" finished-at="2022-07-25T12:19:47 GMT+05:30" duration-ms="1037">
      <class name="runner.TestNGRunner">
        <test-method is-config="true" signature="setUpClass(org.testng.ITestContext)[pri:0, instance:runner.TestNGRunner@795509d9]" started-at="2022-07-25T12:19:46 GMT+05:30" name="setUpClass" finished-at="2022-07-25T12:19:47 GMT+05:30" duration-ms="920" status="PASS">
          <params>
            <param index="0">
              <value>
                <![CDATA[org.testng.TestRunner@411341bd]]>
              </value>
            </param>
          </params>
          <reporter-output>
          </reporter-output>
        </test-method> <!-- setUpClass -->
        <test-method is-config="true" signature="tearDownClass()[pri:0, instance:runner.TestNGRunner@795509d9]" started-at="2022-07-25T12:19:47 GMT+05:30" name="tearDownClass" finished-at="2022-07-25T12:19:47 GMT+05:30" duration-ms="47" status="PASS">
          <reporter-output>
          </reporter-output>
        </test-method> <!-- tearDownClass -->
      </class> <!-- runner.TestNGRunner -->
    </test> <!-- Default test -->
  </suite> <!-- Default suite -->
</testng-results>
